<?xml version="1.0" encoding="UTF-8"?>
<testsuite name="org.openmhealth.dsu.controller.DataPointControllerIntegrationTests" tests="4" skipped="3" failures="0" errors="0" timestamp="2019-05-08T13:29:40" hostname="DESKTOP-2A24BLH" time="5.607">
  <properties/>
  <testcase name="readDataShouldReturnDataPoint" classname="org.openmhealth.dsu.controller.DataPointControllerIntegrationTests" time="0.0">
    <skipped/>
  </testcase>
  <testcase name="writeDataShouldWriteDataPoint" classname="org.openmhealth.dsu.controller.DataPointControllerIntegrationTests" time="0.0">
    <skipped/>
  </testcase>
  <testcase name="readDataShouldReturnUnauthorizedWithoutAccessToken" classname="org.openmhealth.dsu.controller.DataPointControllerIntegrationTests" time="0.083"/>
  <testcase name="readDataShouldReturnNotFoundOnMissingDataPoint" classname="org.openmhealth.dsu.controller.DataPointControllerIntegrationTests" time="0.0">
    <skipped/>
  </testcase>
  <system-out><![CDATA[15:29:39.917 [Test worker] DEBUG o.s.t.c.j.SpringJUnit4ClassRunner - SpringJUnit4ClassRunner constructor called with [class org.openmhealth.dsu.controller.DataPointControllerIntegrationTests]
15:29:39.924 [Test worker] DEBUG o.s.test.context.BootstrapUtils - Instantiating CacheAwareContextLoaderDelegate from class [org.springframework.test.context.cache.DefaultCacheAwareContextLoaderDelegate]
15:29:39.928 [Test worker] DEBUG o.s.test.context.BootstrapUtils - Instantiating BootstrapContext using constructor [public org.springframework.test.context.support.DefaultBootstrapContext(java.lang.Class,org.springframework.test.context.CacheAwareContextLoaderDelegate)]
15:29:39.939 [Test worker] DEBUG o.s.test.context.BootstrapUtils - Instantiating TestContextBootstrapper for test class [org.openmhealth.dsu.controller.DataPointControllerIntegrationTests] from class [org.springframework.test.context.web.WebTestContextBootstrapper]
15:29:39.957 [Test worker] DEBUG o.s.t.c.w.WebTestContextBootstrapper - Found explicit ContextLoader class [org.springframework.boot.test.SpringApplicationContextLoader] for context configuration attributes [ContextConfigurationAttributes@2d2806bb declaringClass = 'org.openmhealth.dsu.controller.DataPointControllerIntegrationTests', classes = '{class org.openmhealth.dsu.configuration.Application, class org.openmhealth.dsu.controller.DataPointControllerIntegrationTests$Configuration}', locations = '{}', inheritLocations = true, initializers = '{}', inheritInitializers = true, name = [null], contextLoaderClass = 'org.springframework.boot.test.SpringApplicationContextLoader']
15:29:39.962 [Test worker] DEBUG o.s.t.c.s.AbstractContextLoader - Did not detect default resource location for test class [org.openmhealth.dsu.controller.DataPointControllerIntegrationTests]: class path resource [org/openmhealth/dsu/controller/DataPointControllerIntegrationTests-context.xml] does not exist
15:29:39.962 [Test worker] DEBUG o.s.t.c.s.AbstractContextLoader - Did not detect default resource location for test class [org.openmhealth.dsu.controller.DataPointControllerIntegrationTests]: class path resource [org/openmhealth/dsu/controller/DataPointControllerIntegrationTestsContext.groovy] does not exist
15:29:39.963 [Test worker] INFO  o.s.t.c.s.AbstractContextLoader - Could not detect default resource locations for test class [org.openmhealth.dsu.controller.DataPointControllerIntegrationTests]: no resource found for suffixes {-context.xml, Context.groovy}.
15:29:39.964 [Test worker] DEBUG o.s.t.c.support.ActiveProfilesUtils - Could not find an 'annotation declaring class' for annotation type [org.springframework.test.context.ActiveProfiles] and class [org.openmhealth.dsu.controller.DataPointControllerIntegrationTests]
15:29:39.968 [Test worker] DEBUG o.s.t.c.w.WebTestContextBootstrapper - @TestExecutionListeners is not present for class [org.openmhealth.dsu.controller.DataPointControllerIntegrationTests]: using defaults.
15:29:39.975 [Test worker] INFO  o.s.t.c.w.WebTestContextBootstrapper - Loaded default TestExecutionListener class names from location [META-INF/spring.factories]: [org.springframework.test.context.web.ServletTestExecutionListener, org.springframework.test.context.support.DirtiesContextBeforeModesTestExecutionListener, org.springframework.test.context.support.DependencyInjectionTestExecutionListener, org.springframework.test.context.support.DirtiesContextTestExecutionListener, org.springframework.test.context.transaction.TransactionalTestExecutionListener, org.springframework.test.context.jdbc.SqlScriptsTestExecutionListener]
15:29:39.999 [Test worker] INFO  o.s.t.c.w.WebTestContextBootstrapper - Using TestExecutionListeners: [org.springframework.test.context.web.ServletTestExecutionListener@4f713c77, org.springframework.test.context.support.DirtiesContextBeforeModesTestExecutionListener@545426e6, org.springframework.test.context.support.DependencyInjectionTestExecutionListener@4cc937f5, org.springframework.test.context.support.DirtiesContextTestExecutionListener@457779e9, org.springframework.test.context.transaction.TransactionalTestExecutionListener@32367b4, org.springframework.test.context.jdbc.SqlScriptsTestExecutionListener@76b50220]
15:29:40.003 [Test worker] DEBUG o.s.t.annotation.ProfileValueUtils - Retrieved @ProfileValueSourceConfiguration [null] for test class [org.openmhealth.dsu.controller.DataPointControllerIntegrationTests]
15:29:40.004 [Test worker] DEBUG o.s.t.annotation.ProfileValueUtils - Retrieved ProfileValueSource type [class org.springframework.test.annotation.SystemProfileValueSource] for class [org.openmhealth.dsu.controller.DataPointControllerIntegrationTests]
15:29:40.005 [Test worker] DEBUG o.s.t.annotation.ProfileValueUtils - Retrieved @ProfileValueSourceConfiguration [null] for test class [org.openmhealth.dsu.controller.DataPointControllerIntegrationTests]
15:29:40.006 [Test worker] DEBUG o.s.t.annotation.ProfileValueUtils - Retrieved ProfileValueSource type [class org.springframework.test.annotation.SystemProfileValueSource] for class [org.openmhealth.dsu.controller.DataPointControllerIntegrationTests]
15:29:40.009 [Test worker] DEBUG o.s.t.c.s.AbstractDirtiesContextTestExecutionListener - Before test class: context [DefaultTestContext@2b6b4aa5 testClass = DataPointControllerIntegrationTests, testInstance = [null], testMethod = [null], testException = [null], mergedContextConfiguration = [WebMergedContextConfiguration@6bf476e4 testClass = DataPointControllerIntegrationTests, locations = '{}', classes = '{class org.openmhealth.dsu.configuration.Application, class org.openmhealth.dsu.controller.DataPointControllerIntegrationTests$Configuration}', contextInitializerClasses = '[]', activeProfiles = '{}', propertySourceLocations = '{}', propertySourceProperties = '{}', resourceBasePath = 'src/main/webapp', contextLoader = 'org.springframework.boot.test.SpringApplicationContextLoader', parent = [null]]], class annotated with @DirtiesContext [false] with mode [null].
15:29:40.011 [Test worker] DEBUG o.s.t.annotation.ProfileValueUtils - Retrieved @ProfileValueSourceConfiguration [null] for test class [org.openmhealth.dsu.controller.DataPointControllerIntegrationTests]
15:29:40.012 [Test worker] DEBUG o.s.t.annotation.ProfileValueUtils - Retrieved ProfileValueSource type [class org.springframework.test.annotation.SystemProfileValueSource] for class [org.openmhealth.dsu.controller.DataPointControllerIntegrationTests]
15:29:40.093 [Test worker] DEBUG o.s.core.env.StandardEnvironment - Adding [systemProperties] PropertySource with lowest search precedence
15:29:40.095 [Test worker] DEBUG o.s.core.env.StandardEnvironment - Adding [systemEnvironment] PropertySource with lowest search precedence
15:29:40.096 [Test worker] DEBUG o.s.core.env.StandardEnvironment - Initialized StandardEnvironment with PropertySources [systemProperties,systemEnvironment]
15:29:40.097 [Test worker] DEBUG o.s.core.env.StandardEnvironment - Adding [integrationTest] PropertySource with search precedence immediately lower than [systemEnvironment]

  .   ____          _            __ _ _
 /\\ / ___'_ __ _ _(_)_ __  __ _ \ \ \ \
( ( )\___ | '_ | '_| | '_ \/ _` | \ \ \ \
 \\/  ___)| |_)| | | | | || (_| |  ) ) ) )
  '  |____| .__|_| |_|_| |_\__, | / / / /
 =========|_|==============|___/=/_/_/_/
 :: Spring Boot ::        (v1.3.3.RELEASE)

2019-05-08 15:29:40.444  INFO 14308 --- [    Test worker] .d.c.DataPointControllerIntegrationTests : Starting DataPointControllerIntegrationTests on DESKTOP-2A24BLH with PID 14308 (D:\Git\omh-dsu-ri\resource-server\build\classes\test started by Sebastian in D:\Git\omh-dsu-ri\resource-server)
2019-05-08 15:29:40.445  INFO 14308 --- [    Test worker] .d.c.DataPointControllerIntegrationTests : No active profile set, falling back to default profiles: default
2019-05-08 15:29:40.511  INFO 14308 --- [    Test worker] o.s.w.c.s.GenericWebApplicationContext   : Refreshing org.springframework.web.context.support.GenericWebApplicationContext@3184b78b: startup date [Wed May 08 15:29:40 CEST 2019]; root of context hierarchy
2019-05-08 15:29:41.778  INFO 14308 --- [    Test worker] o.s.b.f.s.DefaultListableBeanFactory     : Overriding bean definition for bean 'beanNameViewResolver' with a different definition: replacing [Root bean: class [null]; scope=; abstract=false; lazyInit=false; autowireMode=3; dependencyCheck=0; autowireCandidate=true; primary=false; factoryBeanName=org.springframework.boot.autoconfigure.web.ErrorMvcAutoConfiguration$WhitelabelErrorViewConfiguration; factoryMethodName=beanNameViewResolver; initMethodName=null; destroyMethodName=(inferred); defined in class path resource [org/springframework/boot/autoconfigure/web/ErrorMvcAutoConfiguration$WhitelabelErrorViewConfiguration.class]] with [Root bean: class [null]; scope=; abstract=false; lazyInit=false; autowireMode=3; dependencyCheck=0; autowireCandidate=true; primary=false; factoryBeanName=org.springframework.boot.autoconfigure.web.WebMvcAutoConfiguration$WebMvcAutoConfigurationAdapter; factoryMethodName=beanNameViewResolver; initMethodName=null; destroyMethodName=(inferred); defined in class path resource [org/springframework/boot/autoconfigure/web/WebMvcAutoConfiguration$WebMvcAutoConfigurationAdapter.class]]
2019-05-08 15:29:42.120  INFO 14308 --- [    Test worker] trationDelegate$BeanPostProcessorChecker : Bean 'org.springframework.security.config.annotation.configuration.ObjectPostProcessorConfiguration' of type [class org.springframework.security.config.annotation.configuration.ObjectPostProcessorConfiguration$$EnhancerBySpringCGLIB$$9ff69eae] is not eligible for getting processed by all BeanPostProcessors (for example: not eligible for auto-proxying)
2019-05-08 15:29:42.127  INFO 14308 --- [    Test worker] trationDelegate$BeanPostProcessorChecker : Bean 'org.springframework.transaction.annotation.ProxyTransactionManagementConfiguration' of type [class org.springframework.transaction.annotation.ProxyTransactionManagementConfiguration$$EnhancerBySpringCGLIB$$76d555b4] is not eligible for getting processed by all BeanPostProcessors (for example: not eligible for auto-proxying)
2019-05-08 15:29:42.175  INFO 14308 --- [    Test worker] trationDelegate$BeanPostProcessorChecker : Bean 'objectPostProcessor' of type [class org.springframework.security.config.annotation.configuration.AutowireBeanFactoryObjectPostProcessor] is not eligible for getting processed by all BeanPostProcessors (for example: not eligible for auto-proxying)
2019-05-08 15:29:42.179  INFO 14308 --- [    Test worker] trationDelegate$BeanPostProcessorChecker : Bean 'org.springframework.security.access.expression.method.DefaultMethodSecurityExpressionHandler@36caf706' of type [class org.springframework.security.oauth2.provider.expression.OAuth2MethodSecurityExpressionHandler] is not eligible for getting processed by all BeanPostProcessors (for example: not eligible for auto-proxying)
2019-05-08 15:29:42.187  INFO 14308 --- [    Test worker] trationDelegate$BeanPostProcessorChecker : Bean 'methodSecurityConfiguration' of type [class org.openmhealth.dsu.configuration.MethodSecurityConfiguration$$EnhancerBySpringCGLIB$$b1d635b5] is not eligible for getting processed by all BeanPostProcessors (for example: not eligible for auto-proxying)
2019-05-08 15:29:42.197  INFO 14308 --- [    Test worker] trationDelegate$BeanPostProcessorChecker : Bean 'methodSecurityMetadataSource' of type [class org.springframework.security.access.method.DelegatingMethodSecurityMetadataSource] is not eligible for getting processed by all BeanPostProcessors (for example: not eligible for auto-proxying)
2019-05-08 15:29:44.203  INFO 14308 --- [    Test worker] org.eclipse.jetty.util.log               : Logging initialized @5706ms
2019-05-08 15:29:44.470  INFO 14308 --- [    Test worker] o.s.s.web.DefaultSecurityFilterChain     : Creating filter chain: org.springframework.security.web.util.matcher.AnyRequestMatcher@1, [org.springframework.security.web.context.request.async.WebAsyncManagerIntegrationFilter@74e6068a, org.springframework.security.web.context.SecurityContextPersistenceFilter@3647e5dd, org.springframework.security.web.header.HeaderWriterFilter@71473edb, org.springframework.security.web.authentication.logout.LogoutFilter@1b07bd6a, org.springframework.security.oauth2.provider.authentication.OAuth2AuthenticationProcessingFilter@38c3b20, org.springframework.security.web.savedrequest.RequestCacheAwareFilter@34ecb0e8, org.springframework.security.web.servletapi.SecurityContextHolderAwareRequestFilter@78ba65dd, org.springframework.security.web.authentication.AnonymousAuthenticationFilter@71b17e5, org.springframework.security.web.session.SessionManagementFilter@69d374dc, org.springframework.security.web.access.ExceptionTranslationFilter@28feb528, org.springframework.security.web.access.intercept.FilterSecurityInterceptor@744f81c7]
2019-05-08 15:29:44.507  INFO 14308 --- [    Test worker] o.s.s.web.DefaultSecurityFilterChain     : Creating filter chain: org.springframework.security.web.util.matcher.AnyRequestMatcher@1, [org.springframework.security.web.context.request.async.WebAsyncManagerIntegrationFilter@38df0f32, org.springframework.security.web.context.SecurityContextPersistenceFilter@5a303b4d, org.springframework.security.web.header.HeaderWriterFilter@62fca9f8, org.springframework.security.web.csrf.CsrfFilter@6425cfd5, org.springframework.security.web.authentication.logout.LogoutFilter@61cf2a0, org.springframework.security.web.authentication.UsernamePasswordAuthenticationFilter@2e04e2b1, org.springframework.security.web.authentication.ui.DefaultLoginPageGeneratingFilter@5d2d401b, org.springframework.security.web.authentication.www.BasicAuthenticationFilter@8dc372f, org.springframework.security.web.savedrequest.RequestCacheAwareFilter@1ef89e48, org.springframework.security.web.servletapi.SecurityContextHolderAwareRequestFilter@194c4706, org.springframework.security.web.authentication.AnonymousAuthenticationFilter@1bde8659, org.springframework.security.web.session.SessionManagementFilter@286d8915, org.springframework.security.web.access.ExceptionTranslationFilter@3ddf2a61, org.springframework.security.web.access.intercept.FilterSecurityInterceptor@4c771d62]
2019-05-08 15:29:45.045  INFO 14308 --- [    Test worker] s.w.s.m.m.a.RequestMappingHandlerAdapter : Looking for @ControllerAdvice: org.springframework.web.context.support.GenericWebApplicationContext@3184b78b: startup date [Wed May 08 15:29:40 CEST 2019]; root of context hierarchy
2019-05-08 15:29:45.132  INFO 14308 --- [    Test worker] s.w.s.m.m.a.RequestMappingHandlerMapping : Mapped "{[/v1.0.M1/lastDataPoint],methods=[HEAD || GET],produces=[application/json]}" onto public org.springframework.http.ResponseEntity<org.openmhealth.schema.domain.omh.DataPoint> org.openmhealth.dsu.controller.DataPointController.readLastDataPoint(java.lang.String,java.lang.String,java.lang.String,org.springframework.security.core.Authentication)
2019-05-08 15:29:45.133  INFO 14308 --- [    Test worker] s.w.s.m.m.a.RequestMappingHandlerMapping : Mapped "{[/v1.0.M1/dataPoints/{id}],methods=[HEAD || GET],produces=[application/json]}" onto public org.springframework.http.ResponseEntity<org.openmhealth.schema.domain.omh.DataPoint> org.openmhealth.dsu.controller.DataPointController.readDataPoint(java.lang.String)
2019-05-08 15:29:45.133  INFO 14308 --- [    Test worker] s.w.s.m.m.a.RequestMappingHandlerMapping : Mapped "{[/v1.0.M1/dataPoints],methods=[POST],consumes=[application/json]}" onto public org.springframework.http.ResponseEntity<?> org.openmhealth.dsu.controller.DataPointController.writeDataPoint(org.openmhealth.schema.domain.omh.DataPoint,org.springframework.security.core.Authentication)
2019-05-08 15:29:45.134  INFO 14308 --- [    Test worker] s.w.s.m.m.a.RequestMappingHandlerMapping : Mapped "{[/v1.0.M1/dataPoints/{id}],methods=[DELETE]}" onto public org.springframework.http.ResponseEntity<?> org.openmhealth.dsu.controller.DataPointController.deleteDataPoint(java.lang.String,org.springframework.security.core.Authentication)
2019-05-08 15:29:45.134  INFO 14308 --- [    Test worker] s.w.s.m.m.a.RequestMappingHandlerMapping : Mapped "{[/v1.0.M1/dataPoints],methods=[HEAD || GET],produces=[application/json]}" onto public org.springframework.http.ResponseEntity<java.lang.Iterable<org.openmhealth.schema.domain.omh.DataPoint>> org.openmhealth.dsu.controller.DataPointController.readDataPoints(java.lang.String,java.lang.String,java.lang.String,java.time.OffsetDateTime,java.time.OffsetDateTime,java.lang.Integer,java.lang.Integer,org.springframework.security.core.Authentication)
2019-05-08 15:29:45.139  INFO 14308 --- [    Test worker] s.w.s.m.m.a.RequestMappingHandlerMapping : Mapped "{[/error]}" onto public org.springframework.http.ResponseEntity<java.util.Map<java.lang.String, java.lang.Object>> org.springframework.boot.autoconfigure.web.BasicErrorController.error(javax.servlet.http.HttpServletRequest)
2019-05-08 15:29:45.139  INFO 14308 --- [    Test worker] s.w.s.m.m.a.RequestMappingHandlerMapping : Mapped "{[/error],produces=[text/html]}" onto public org.springframework.web.servlet.ModelAndView org.springframework.boot.autoconfigure.web.BasicErrorController.errorHtml(javax.servlet.http.HttpServletRequest,javax.servlet.http.HttpServletResponse)
2019-05-08 15:29:45.186  INFO 14308 --- [    Test worker] o.s.w.s.handler.SimpleUrlHandlerMapping  : Mapped URL path [/webjars/**] onto handler of type [class org.springframework.web.servlet.resource.ResourceHttpRequestHandler]
2019-05-08 15:29:45.187  INFO 14308 --- [    Test worker] o.s.w.s.handler.SimpleUrlHandlerMapping  : Mapped URL path [/**] onto handler of type [class org.springframework.web.servlet.resource.ResourceHttpRequestHandler]
2019-05-08 15:29:45.205  INFO 14308 --- [    Test worker] .m.m.a.ExceptionHandlerExceptionResolver : Detected @ExceptionHandler methods in genericExceptionHandlingControllerAdvice
2019-05-08 15:29:45.229  INFO 14308 --- [    Test worker] o.s.w.s.handler.SimpleUrlHandlerMapping  : Mapped URL path [/**/favicon.ico] onto handler of type [class org.springframework.web.servlet.resource.ResourceHttpRequestHandler]
2019-05-08 15:29:45.522  INFO 14308 --- [    Test worker] .d.c.DataPointControllerIntegrationTests : Started DataPointControllerIntegrationTests in 5.414 seconds (JVM running for 7.025)
2019-05-08 15:29:45.554  INFO 14308 --- [    Test worker] o.s.b.test.SpringBootMockServletContext  : Initializing Spring FrameworkServlet ''
2019-05-08 15:29:45.554  INFO 14308 --- [    Test worker] o.s.t.web.servlet.TestDispatcherServlet  : FrameworkServlet '': initialization started
2019-05-08 15:29:45.568  INFO 14308 --- [    Test worker] o.s.t.web.servlet.TestDispatcherServlet  : FrameworkServlet '': initialization completed in 14 ms
]]></system-out>
  <system-err><![CDATA[]]></system-err>
</testsuite>
